--- Copying files at Sun Apr 19 14:58:11 UTC 2020
--- Copying files at Sun Apr 19 15:06:59 UTC 2020
--- Copying files at Sun Apr 19 15:46:23 UTC 2020
--- Copying files at Sun Apr 19 17:55:13 UTC 2020
--- Copying files at Sun Apr 19 19:05:39 UTC 2020
--- Copying files at Sun Apr 19 19:24:13 UTC 2020
--- Copying files at Sun Apr 19 20:44:04 UTC 2020
--- Copying files at Mon Apr 20 08:02:36 UTC 2020
--- Copying files at Mon Apr 20 10:26:23 UTC 2020
--- Copying files at Mon Apr 20 12:25:10 UTC 2020
--- Copying files at Mon Apr 20 14:28:30 UTC 2020
--- Copying files at Mon Apr 20 14:44:26 UTC 2020
--- Copying files at Mon Apr 20 15:03:52 UTC 2020
--- Copying files at Mon Apr 20 15:04:39 UTC 2020
--- Copying files at Mon Apr 20 15:07:52 UTC 2020
--- Copying files at Mon Apr 20 15:18:16 UTC 2020
--- Copying files at Mon Apr 20 15:18:40 UTC 2020
--- Copying files at Mon Apr 20 15:28:44 UTC 2020
--- Copying files at Mon Apr 20 17:10:34 UTC 2020
--- Copying files at Mon Apr 20 18:36:46 UTC 2020
--- Copying files at Thu Apr 23 19:07:34 UTC 2020
--- Copying files at Sun Apr 26 13:17:46 UTC 2020
--- Copying files at Sun Apr 26 14:24:01 UTC 2020
--- Copying files at Sun Apr 26 17:03:11 UTC 2020
--- Copying files at Tue Apr 28 14:26:08 UTC 2020
--- Copying files at Thu Apr 30 17:37:47 UTC 2020
--- Copying files at Fri May  1 09:38:35 UTC 2020
--- Copying files at Sun May  3 20:27:52 UTC 2020
--- Copying files at Fri May  8 10:56:27 UTC 2020
--- Copying files at Fri May  8 15:12:33 UTC 2020
--- Copying files at Fri May  8 15:40:28 UTC 2020
--- Copying files at Fri May  8 15:45:58 UTC 2020
--- Copying files at Fri May  8 17:55:23 UTC 2020
--- Copying files at Fri May  8 18:39:46 UTC 2020
--- Copying files at Sat May  9 13:20:54 UTC 2020
--- Copying files at Sat May  9 13:22:33 UTC 2020
--- Copying files at Sun May 10 17:44:52 UTC 2020
--- Copying files at Sun May 10 17:46:10 UTC 2020
--- Copying files at Tue May 12 17:54:47 UTC 2020
--- Copying files at Wed May 13 18:22:01 UTC 2020
