Started at Sat Apr 25 21:13:50 UTC 2020
Processing docker.dev.hello
Offering docker.dev.hello to Project Build Discarder
Processing docker.prod.hello
Offering docker.prod.hello to Project Build Discarder
Finished at Sat Apr 25 21:13:50 UTC 2020. 5ms
Started at Sat Apr 25 22:13:50 UTC 2020
Processing docker.dev.hello
Offering docker.dev.hello to Project Build Discarder
Processing docker.prod.hello
Offering docker.prod.hello to Project Build Discarder
Finished at Sat Apr 25 22:13:50 UTC 2020. 2ms
Started at Sat Apr 25 23:13:50 UTC 2020
Processing docker.dev.hello
Offering docker.dev.hello to Project Build Discarder
Processing docker.prod.hello
Offering docker.prod.hello to Project Build Discarder
Finished at Sat Apr 25 23:13:50 UTC 2020. 0ms
Started at Sun Apr 26 00:13:50 UTC 2020
Processing docker.dev.hello
Offering docker.dev.hello to Project Build Discarder
Processing docker.prod.hello
Offering docker.prod.hello to Project Build Discarder
Finished at Sun Apr 26 00:13:50 UTC 2020. 0ms
Started at Sun Apr 26 01:13:50 UTC 2020
Processing docker.dev.hello
Offering docker.dev.hello to Project Build Discarder
Processing docker.prod.hello
Offering docker.prod.hello to Project Build Discarder
Finished at Sun Apr 26 01:13:50 UTC 2020. 1ms
Started at Sun Apr 26 02:13:50 UTC 2020
Processing docker.dev.hello
Offering docker.dev.hello to Project Build Discarder
Processing docker.prod.hello
Offering docker.prod.hello to Project Build Discarder
Finished at Sun Apr 26 02:13:50 UTC 2020. 1ms
Started at Sun Apr 26 03:13:50 UTC 2020
Processing docker.dev.hello
Offering docker.dev.hello to Project Build Discarder
Processing docker.prod.hello
Offering docker.prod.hello to Project Build Discarder
Finished at Sun Apr 26 03:13:50 UTC 2020. 4ms
Started at Sun Apr 26 04:13:50 UTC 2020
Processing docker.dev.hello
Offering docker.dev.hello to Project Build Discarder
Processing docker.prod.hello
Offering docker.prod.hello to Project Build Discarder
Finished at Sun Apr 26 04:13:50 UTC 2020. 0ms
Started at Sun Apr 26 05:13:50 UTC 2020
Processing docker.dev.hello
Offering docker.dev.hello to Project Build Discarder
Processing docker.prod.hello
Offering docker.prod.hello to Project Build Discarder
Finished at Sun Apr 26 05:13:50 UTC 2020. 5ms
Started at Sun Apr 26 06:13:50 UTC 2020
Processing docker.dev.hello
Offering docker.dev.hello to Project Build Discarder
Processing docker.prod.hello
Offering docker.prod.hello to Project Build Discarder
Finished at Sun Apr 26 06:13:50 UTC 2020. 7ms
Started at Sun Apr 26 07:13:50 UTC 2020
Processing docker.dev.hello
Offering docker.dev.hello to Project Build Discarder
Processing docker.prod.hello
Offering docker.prod.hello to Project Build Discarder
Finished at Sun Apr 26 07:13:50 UTC 2020. 1ms
Started at Sun Apr 26 08:13:50 UTC 2020
Processing docker.dev.hello
Offering docker.dev.hello to Project Build Discarder
Processing docker.prod.hello
Offering docker.prod.hello to Project Build Discarder
Finished at Sun Apr 26 08:13:50 UTC 2020. 0ms
Started at Sun Apr 26 09:13:50 UTC 2020
Processing docker.dev.hello
Offering docker.dev.hello to Project Build Discarder
Processing docker.prod.hello
Offering docker.prod.hello to Project Build Discarder
Finished at Sun Apr 26 09:13:50 UTC 2020. 6ms
